<?xml version="1.0" encoding="UTF-8"?>
<testsuite name="com.employeepayroll.NIOFileApiTest" tests="1" skipped="0" failures="0" errors="0" timestamp="2021-05-26T11:03:08" hostname="LAPTOP-JK99497U" time="0.074">
  <properties/>
  <testcase name="givenPathWhenCheckedThenConfirm()" classname="com.employeepayroll.NIOFileApiTest" time="0.074"/>
  <system-out><![CDATA[C:\Users\prata\TempPlayGround\temp1
C:\Users\prata\TempPlayGround\temp2
C:\Users\prata\TempPlayGround\temp3
C:\Users\prata\TempPlayGround\temp4
C:\Users\prata\TempPlayGround\temp5
C:\Users\prata\TempPlayGround\temp6
C:\Users\prata\TempPlayGround\temp7
C:\Users\prata\TempPlayGround\temp8
C:\Users\prata\TempPlayGround\temp9
C:\Users\prata\TempPlayGround\temp1
C:\Users\prata\TempPlayGround\temp2
C:\Users\prata\TempPlayGround\temp3
C:\Users\prata\TempPlayGround\temp4
C:\Users\prata\TempPlayGround\temp5
C:\Users\prata\TempPlayGround\temp6
C:\Users\prata\TempPlayGround\temp7
C:\Users\prata\TempPlayGround\temp8
C:\Users\prata\TempPlayGround\temp9
]]></system-out>
  <system-err><![CDATA[]]></system-err>
</testsuite>
