<?xml version="1.0" encoding="UTF-8"?>
<testsuite name="com.employeepayroll.EmployeePayRollServiceTest" tests="1" skipped="0" failures="0" errors="0" timestamp="2021-05-31T04:07:41" hostname="LAPTOP-JK99497U" time="0.119">
  <properties/>
  <testcase name="given3Employees_WhenWrittenTo_FileShouldMatch_EmployeeEntries()" classname="com.employeepayroll.EmployeePayRollServiceTest" time="0.119"/>
  <system-out><![CDATA[EmployeePayrollData [id=1, name=Jeff Bezos, salary=100000.0]
EmployeePayrollData [id=2, name=Bill Gates, salary=500000.0]
EmployeePayrollData [id=3, name=Elon Musk, salary=4000000.0]
]]></system-out>
  <system-err><![CDATA[]]></system-err>
</testsuite>
